[debug] [2022-11-25T08:18:37.107Z] ----------------------------------------------------------------------
[debug] [2022-11-25T08:18:37.115Z] Command:       C:\Program Files\nodejs\node.exe C:\Users\2210t\AppData\Roaming\npm\node_modules\firebase-tools\lib\bin\firebase.js login
[debug] [2022-11-25T08:18:37.117Z] CLI Version:   11.16.1
[debug] [2022-11-25T08:18:37.117Z] Platform:      win32
[debug] [2022-11-25T08:18:37.117Z] Node Version:  v18.9.0
[debug] [2022-11-25T08:18:37.127Z] Time:          Fri Nov 25 2022 13:48:37 GMT+0530 (India Standard Time)
[debug] [2022-11-25T08:18:37.128Z] ----------------------------------------------------------------------
[debug] 
[debug] [2022-11-25T08:18:37.160Z] >>> [apiv2][query] GET https://firebase-public.firebaseio.com/cli.json [none]
[info] i  Firebase optionally collects CLI and Emulator Suite usage and error reporting information to help improve our products. Data is collected in accordance with Google's privacy policy (https://policies.google.com/privacy) and is not used to identify you.
 
[info] 
[info] Visit this URL on this device to log in:
[info] https://accounts.google.com/o/oauth2/auth?client_id=563584335869-fgrhgmd47bqnekij5i8b5pr03ho849e6.apps.googleusercontent.com&scope=email%20openid%20https%3A%2F%2Fwww.googleapis.com%2Fauth%2Fcloudplatformprojects.readonly%20https%3A%2F%2Fwww.googleapis.com%2Fauth%2Ffirebase%20https%3A%2F%2Fwww.googleapis.com%2Fauth%2Fcloud-platform&response_type=code&state=207159544&redirect_uri=http%3A%2F%2Flocalhost%3A9005
[info] 
[info] Waiting for authentication...
[debug] [2022-11-25T08:18:37.566Z] Error: spawn cmd ENOENT
    at ChildProcess._handle.onexit (node:internal/child_process:283:19)
    at onErrorNT (node:internal/child_process:476:16)
    at process.processTicksAndRejections (node:internal/process/task_queues:82:21)
[error] 
[error] Error: An unexpected error has occurred.
[debug] [2022-11-25T08:19:56.266Z] ----------------------------------------------------------------------
[debug] [2022-11-25T08:19:56.271Z] Command:       C:\Program Files\nodejs\node.exe C:\Users\2210t\AppData\Roaming\npm\node_modules\firebase-tools\lib\bin\firebase.js login
[debug] [2022-11-25T08:19:56.273Z] CLI Version:   11.16.1
[debug] [2022-11-25T08:19:56.274Z] Platform:      win32
[debug] [2022-11-25T08:19:56.275Z] Node Version:  v18.9.0
[debug] [2022-11-25T08:19:56.284Z] Time:          Fri Nov 25 2022 13:49:56 GMT+0530 (India Standard Time)
[debug] [2022-11-25T08:19:56.284Z] ----------------------------------------------------------------------
[debug] 
[debug] [2022-11-25T08:19:56.295Z] >>> [apiv2][query] GET https://firebase-public.firebaseio.com/cli.json [none]
[info] i  Firebase optionally collects CLI and Emulator Suite usage and error reporting information to help improve our products. Data is collected in accordance with Google's privacy policy (https://policies.google.com/privacy) and is not used to identify you.
 
[debug] [2022-11-25T08:19:57.244Z] <<< [apiv2][status] GET https://firebase-public.firebaseio.com/cli.json 200
[debug] [2022-11-25T08:19:57.245Z] <<< [apiv2][body] GET https://firebase-public.firebaseio.com/cli.json {"cloudBuildErrorAfter":1594252800000,"cloudBuildWarnAfter":1590019200000,"defaultNode10After":1594252800000,"minVersion":"3.0.5","node8DeploysDisabledAfter":1613390400000,"node8RuntimeDisabledAfter":1615809600000,"node8WarnAfter":1600128000000}
[info] i  To change your data collection preference at any time, run `firebase logout` and log in again. 
[info] 
[info] Visit this URL on this device to log in:
[info] https://accounts.google.com/o/oauth2/auth?client_id=563584335869-fgrhgmd47bqnekij5i8b5pr03ho849e6.apps.googleusercontent.com&scope=email%20openid%20https%3A%2F%2Fwww.googleapis.com%2Fauth%2Fcloudplatformprojects.readonly%20https%3A%2F%2Fwww.googleapis.com%2Fauth%2Ffirebase%20https%3A%2F%2Fwww.googleapis.com%2Fauth%2Fcloud-platform&response_type=code&state=492738723&redirect_uri=http%3A%2F%2Flocalhost%3A9005
[info] 
[info] Waiting for authentication...
[debug] [2022-11-25T08:20:05.070Z] Error: spawn cmd ENOENT
    at ChildProcess._handle.onexit (node:internal/child_process:283:19)
    at onErrorNT (node:internal/child_process:476:16)
    at process.processTicksAndRejections (node:internal/process/task_queues:82:21)
[error] 
[error] Error: An unexpected error has occurred.
[debug] [2022-11-25T08:20:17.967Z] ----------------------------------------------------------------------
[debug] [2022-11-25T08:20:17.972Z] Command:       C:\Program Files\nodejs\node.exe C:\Users\2210t\AppData\Roaming\npm\node_modules\firebase-tools\lib\bin\firebase.js login
[debug] [2022-11-25T08:20:17.974Z] CLI Version:   11.16.1
[debug] [2022-11-25T08:20:17.975Z] Platform:      win32
[debug] [2022-11-25T08:20:17.975Z] Node Version:  v18.9.0
[debug] [2022-11-25T08:20:17.977Z] Time:          Fri Nov 25 2022 13:50:17 GMT+0530 (India Standard Time)
[debug] [2022-11-25T08:20:17.978Z] ----------------------------------------------------------------------
[debug] 
[info] i  Firebase optionally collects CLI and Emulator Suite usage and error reporting information to help improve our products. Data is collected in accordance with Google's privacy policy (https://policies.google.com/privacy) and is not used to identify you.
 
[info] 
[info] Visit this URL on this device to log in:
[info] https://accounts.google.com/o/oauth2/auth?client_id=563584335869-fgrhgmd47bqnekij5i8b5pr03ho849e6.apps.googleusercontent.com&scope=email%20openid%20https%3A%2F%2Fwww.googleapis.com%2Fauth%2Fcloudplatformprojects.readonly%20https%3A%2F%2Fwww.googleapis.com%2Fauth%2Ffirebase%20https%3A%2F%2Fwww.googleapis.com%2Fauth%2Fcloud-platform&response_type=code&state=309037674&redirect_uri=http%3A%2F%2Flocalhost%3A9005
[info] 
[info] Waiting for authentication...
[debug] [2022-11-25T08:20:21.049Z] Error: spawn cmd ENOENT
    at ChildProcess._handle.onexit (node:internal/child_process:283:19)
    at onErrorNT (node:internal/child_process:476:16)
    at process.processTicksAndRejections (node:internal/process/task_queues:82:21)
[error] 
[error] Error: An unexpected error has occurred.
[debug] [2022-11-25T08:20:29.057Z] ----------------------------------------------------------------------
[debug] [2022-11-25T08:20:29.062Z] Command:       C:\Program Files\nodejs\node.exe C:\Users\2210t\AppData\Roaming\npm\node_modules\firebase-tools\lib\bin\firebase.js login
[debug] [2022-11-25T08:20:29.063Z] CLI Version:   11.16.1
[debug] [2022-11-25T08:20:29.063Z] Platform:      win32
[debug] [2022-11-25T08:20:29.064Z] Node Version:  v18.9.0
[debug] [2022-11-25T08:20:29.065Z] Time:          Fri Nov 25 2022 13:50:29 GMT+0530 (India Standard Time)
[debug] [2022-11-25T08:20:29.066Z] ----------------------------------------------------------------------
[debug] 
[info] i  Firebase optionally collects CLI and Emulator Suite usage and error reporting information to help improve our products. Data is collected in accordance with Google's privacy policy (https://policies.google.com/privacy) and is not used to identify you.
 
[info] i  To change your data collection preference at any time, run `firebase logout` and log in again. 
[info] 
[info] Visit this URL on this device to log in:
[info] https://accounts.google.com/o/oauth2/auth?client_id=563584335869-fgrhgmd47bqnekij5i8b5pr03ho849e6.apps.googleusercontent.com&scope=email%20openid%20https%3A%2F%2Fwww.googleapis.com%2Fauth%2Fcloudplatformprojects.readonly%20https%3A%2F%2Fwww.googleapis.com%2Fauth%2Ffirebase%20https%3A%2F%2Fwww.googleapis.com%2Fauth%2Fcloud-platform&response_type=code&state=399633985&redirect_uri=http%3A%2F%2Flocalhost%3A9005
[info] 
[info] Waiting for authentication...
[debug] [2022-11-25T08:20:39.660Z] Error: spawn cmd ENOENT
    at ChildProcess._handle.onexit (node:internal/child_process:283:19)
    at onErrorNT (node:internal/child_process:476:16)
    at process.processTicksAndRejections (node:internal/process/task_queues:82:21)
[error] 
[error] Error: An unexpected error has occurred.
[debug] [2022-11-25T08:22:20.863Z] ----------------------------------------------------------------------
[debug] [2022-11-25T08:22:20.871Z] Command:       C:\Program Files\nodejs\node.exe C:\Users\2210t\AppData\Roaming\npm\node_modules\firebase-tools\lib\bin\firebase.js login
[debug] [2022-11-25T08:22:20.872Z] CLI Version:   11.16.1
[debug] [2022-11-25T08:22:20.872Z] Platform:      win32
[debug] [2022-11-25T08:22:20.873Z] Node Version:  v18.9.0
[debug] [2022-11-25T08:22:20.874Z] Time:          Fri Nov 25 2022 13:52:20 GMT+0530 (India Standard Time)
[debug] [2022-11-25T08:22:20.875Z] ----------------------------------------------------------------------
[debug] 
[info] i  Firebase optionally collects CLI and Emulator Suite usage and error reporting information to help improve our products. Data is collected in accordance with Google's privacy policy (https://policies.google.com/privacy) and is not used to identify you.
 
[info] i  To change your data collection preference at any time, run `firebase logout` and log in again. 
[info] 
[info] Visit this URL on this device to log in:
[info] https://accounts.google.com/o/oauth2/auth?client_id=563584335869-fgrhgmd47bqnekij5i8b5pr03ho849e6.apps.googleusercontent.com&scope=email%20openid%20https%3A%2F%2Fwww.googleapis.com%2Fauth%2Fcloudplatformprojects.readonly%20https%3A%2F%2Fwww.googleapis.com%2Fauth%2Ffirebase%20https%3A%2F%2Fwww.googleapis.com%2Fauth%2Fcloud-platform&response_type=code&state=222512336&redirect_uri=http%3A%2F%2Flocalhost%3A9005
[info] 
[info] Waiting for authentication...
[debug] [2022-11-25T08:22:23.885Z] Error: spawn cmd ENOENT
    at ChildProcess._handle.onexit (node:internal/child_process:283:19)
    at onErrorNT (node:internal/child_process:476:16)
    at process.processTicksAndRejections (node:internal/process/task_queues:82:21)
[error] 
[error] Error: An unexpected error has occurred.
[debug] [2022-11-25T08:23:03.503Z] ----------------------------------------------------------------------
[debug] [2022-11-25T08:23:03.508Z] Command:       C:\Program Files\nodejs\node.exe C:\Users\2210t\AppData\Roaming\npm\node_modules\firebase-tools\lib\bin\firebase.js login
[debug] [2022-11-25T08:23:03.510Z] CLI Version:   11.16.1
[debug] [2022-11-25T08:23:03.510Z] Platform:      win32
[debug] [2022-11-25T08:23:03.511Z] Node Version:  v18.9.0
[debug] [2022-11-25T08:23:03.512Z] Time:          Fri Nov 25 2022 13:53:03 GMT+0530 (India Standard Time)
[debug] [2022-11-25T08:23:03.513Z] ----------------------------------------------------------------------
[debug] 
[info] i  Firebase optionally collects CLI and Emulator Suite usage and error reporting information to help improve our products. Data is collected in accordance with Google's privacy policy (https://policies.google.com/privacy) and is not used to identify you.
 
[info] i  To change your data collection preference at any time, run `firebase logout` and log in again. 
[info] 
[info] Visit this URL on this device to log in:
[info] https://accounts.google.com/o/oauth2/auth?client_id=563584335869-fgrhgmd47bqnekij5i8b5pr03ho849e6.apps.googleusercontent.com&scope=email%20openid%20https%3A%2F%2Fwww.googleapis.com%2Fauth%2Fcloudplatformprojects.readonly%20https%3A%2F%2Fwww.googleapis.com%2Fauth%2Ffirebase%20https%3A%2F%2Fwww.googleapis.com%2Fauth%2Fcloud-platform&response_type=code&state=361844918&redirect_uri=http%3A%2F%2Flocalhost%3A9005
[info] 
[info] Waiting for authentication...
[debug] [2022-11-25T08:23:23.706Z] Error: spawn cmd ENOENT
    at ChildProcess._handle.onexit (node:internal/child_process:283:19)
    at onErrorNT (node:internal/child_process:476:16)
    at process.processTicksAndRejections (node:internal/process/task_queues:82:21)
[error] 
[error] Error: An unexpected error has occurred.
